2026-06-25 21:51:16 | INFO | clean_baseline | seed=42 cuda_available=True
2026-06-25 21:51:18 | INFO | clean_baseline | sample_index={'sample_count': 39, 'split_counts': {'train': 26, 'test': 13}, 'user_counts': {'user_A': 13, 'user_B': 13, 'user_C': 13}, 'intent_counts': {'menu': 6, 'select': 8, 'cancel': 6, 'brush': 6, 'magnify': 6, 'narrow': 7}}
/share/home/tm1078571822880000/a1086482920/Mplus0/software/miniconda3/envs/machine_learning/lib/python3.10/site-packages/torch/nn/functional.py:5614: UserWarning: Deterministic behavior was enabled with either `torch.use_deterministic_algorithms(True)` or `at::Context::setDeterministicAlgorithms(true)`, but this operation is not deterministic because it uses CuBLAS and you have CUDA >= 10.2. To enable deterministic behavior in this case, you must set an environment variable before running your PyTorch application: CUBLAS_WORKSPACE_CONFIG=:4096:8 or CUBLAS_WORKSPACE_CONFIG=:16:8. For more information, go to https://docs.nvidia.com/cuda/cublas/index.html#results-reproducibility (Triggered internally at /pytorch/aten/src/ATen/Context.cpp:217.)
  proj = linear(q, w, b)
/share/home/tm1078571822880000/a1086482920/Mplus0/software/miniconda3/envs/machine_learning/lib/python3.10/site-packages/torch/autograd/graph.py:823: UserWarning: Deterministic behavior was enabled with either `torch.use_deterministic_algorithms(True)` or `at::Context::setDeterministicAlgorithms(true)`, but this operation is not deterministic because it uses CuBLAS and you have CUDA >= 10.2. To enable deterministic behavior in this case, you must set an environment variable before running your PyTorch application: CUBLAS_WORKSPACE_CONFIG=:4096:8 or CUBLAS_WORKSPACE_CONFIG=:16:8. For more information, go to https://docs.nvidia.com/cuda/cublas/index.html#results-reproducibility (Triggered internally at /pytorch/aten/src/ATen/Context.cpp:217.)
  return Variable._execution_engine.run_backward(  # Calls into the C++ engine to run the backward pass
/share/home/tm1078571822880000/a1086482920/Mplus0/software/miniconda3/envs/machine_learning/lib/python3.10/site-packages/torch/autograd/graph.py:823: UserWarning: Memory Efficient attention defaults to a non-deterministic algorithm. To explicitly enable determinism call torch.use_deterministic_algorithms(True, warn_only=False). (Triggered internally at /pytorch/aten/src/ATen/native/transformers/cuda/attention_backward.cu:683.)
  return Variable._execution_engine.run_backward(  # Calls into the C++ engine to run the backward pass
2026-06-25 21:51:25 | INFO | clean_baseline | epoch=1 train_loss=0.8310 train_acc=0.7935 val_loss=0.2825 val_acc=0.9463 val_macro_f1=0.7851
/share/home/tm1078571822880000/a1086482920/Mplus0/software/miniconda3/envs/machine_learning/lib/python3.10/site-packages/torch/nn/functional.py:5614: UserWarning: Deterministic behavior was enabled with either `torch.use_deterministic_algorithms(True)` or `at::Context::setDeterministicAlgorithms(true)`, but this operation is not deterministic because it uses CuBLAS and you have CUDA >= 10.2. To enable deterministic behavior in this case, you must set an environment variable before running your PyTorch application: CUBLAS_WORKSPACE_CONFIG=:4096:8 or CUBLAS_WORKSPACE_CONFIG=:16:8. For more information, go to https://docs.nvidia.com/cuda/cublas/index.html#results-reproducibility (Triggered internally at /pytorch/aten/src/ATen/Context.cpp:217.)
  proj = linear(q, w, b)
/share/home/tm1078571822880000/a1086482920/Mplus0/software/miniconda3/envs/machine_learning/lib/python3.10/site-packages/torch/autograd/graph.py:823: UserWarning: Deterministic behavior was enabled with either `torch.use_deterministic_algorithms(True)` or `at::Context::setDeterministicAlgorithms(true)`, but this operation is not deterministic because it uses CuBLAS and you have CUDA >= 10.2. To enable deterministic behavior in this case, you must set an environment variable before running your PyTorch application: CUBLAS_WORKSPACE_CONFIG=:4096:8 or CUBLAS_WORKSPACE_CONFIG=:16:8. For more information, go to https://docs.nvidia.com/cuda/cublas/index.html#results-reproducibility (Triggered internally at /pytorch/aten/src/ATen/Context.cpp:217.)
  return Variable._execution_engine.run_backward(  # Calls into the C++ engine to run the backward pass
2026-06-25 21:51:25 | INFO | clean_baseline | epoch=2 train_loss=0.0985 train_acc=0.9821 val_loss=0.2623 val_acc=0.9295 val_macro_f1=0.7867
/share/home/tm1078571822880000/a1086482920/Mplus0/software/miniconda3/envs/machine_learning/lib/python3.10/site-packages/torch/nn/functional.py:5614: UserWarning: Deterministic behavior was enabled with either `torch.use_deterministic_algorithms(True)` or `at::Context::setDeterministicAlgorithms(true)`, but this operation is not deterministic because it uses CuBLAS and you have CUDA >= 10.2. To enable deterministic behavior in this case, you must set an environment variable before running your PyTorch application: CUBLAS_WORKSPACE_CONFIG=:4096:8 or CUBLAS_WORKSPACE_CONFIG=:16:8. For more information, go to https://docs.nvidia.com/cuda/cublas/index.html#results-reproducibility (Triggered internally at /pytorch/aten/src/ATen/Context.cpp:217.)
  proj = linear(q, w, b)
/share/home/tm1078571822880000/a1086482920/Mplus0/software/miniconda3/envs/machine_learning/lib/python3.10/site-packages/torch/autograd/graph.py:823: UserWarning: Deterministic behavior was enabled with either `torch.use_deterministic_algorithms(True)` or `at::Context::setDeterministicAlgorithms(true)`, but this operation is not deterministic because it uses CuBLAS and you have CUDA >= 10.2. To enable deterministic behavior in this case, you must set an environment variable before running your PyTorch application: CUBLAS_WORKSPACE_CONFIG=:4096:8 or CUBLAS_WORKSPACE_CONFIG=:16:8. For more information, go to https://docs.nvidia.com/cuda/cublas/index.html#results-reproducibility (Triggered internally at /pytorch/aten/src/ATen/Context.cpp:217.)
  return Variable._execution_engine.run_backward(  # Calls into the C++ engine to run the backward pass
2026-06-25 21:51:26 | INFO | clean_baseline | epoch=3 train_loss=0.0344 train_acc=0.9937 val_loss=0.2599 val_acc=0.9463 val_macro_f1=0.9428
/share/home/tm1078571822880000/a1086482920/Mplus0/software/miniconda3/envs/machine_learning/lib/python3.10/site-packages/torch/nn/functional.py:5614: UserWarning: Deterministic behavior was enabled with either `torch.use_deterministic_algorithms(True)` or `at::Context::setDeterministicAlgorithms(true)`, but this operation is not deterministic because it uses CuBLAS and you have CUDA >= 10.2. To enable deterministic behavior in this case, you must set an environment variable before running your PyTorch application: CUBLAS_WORKSPACE_CONFIG=:4096:8 or CUBLAS_WORKSPACE_CONFIG=:16:8. For more information, go to https://docs.nvidia.com/cuda/cublas/index.html#results-reproducibility (Triggered internally at /pytorch/aten/src/ATen/Context.cpp:217.)
  proj = linear(q, w, b)
/share/home/tm1078571822880000/a1086482920/Mplus0/software/miniconda3/envs/machine_learning/lib/python3.10/site-packages/torch/autograd/graph.py:823: UserWarning: Deterministic behavior was enabled with either `torch.use_deterministic_algorithms(True)` or `at::Context::setDeterministicAlgorithms(true)`, but this operation is not deterministic because it uses CuBLAS and you have CUDA >= 10.2. To enable deterministic behavior in this case, you must set an environment variable before running your PyTorch application: CUBLAS_WORKSPACE_CONFIG=:4096:8 or CUBLAS_WORKSPACE_CONFIG=:16:8. For more information, go to https://docs.nvidia.com/cuda/cublas/index.html#results-reproducibility (Triggered internally at /pytorch/aten/src/ATen/Context.cpp:217.)
  return Variable._execution_engine.run_backward(  # Calls into the C++ engine to run the backward pass
2026-06-25 21:51:26 | INFO | clean_baseline | epoch=4 train_loss=0.0231 train_acc=0.9905 val_loss=0.3115 val_acc=0.9362 val_macro_f1=0.9321
/share/home/tm1078571822880000/a1086482920/Mplus0/software/miniconda3/envs/machine_learning/lib/python3.10/site-packages/torch/nn/functional.py:5614: UserWarning: Deterministic behavior was enabled with either `torch.use_deterministic_algorithms(True)` or `at::Context::setDeterministicAlgorithms(true)`, but this operation is not deterministic because it uses CuBLAS and you have CUDA >= 10.2. To enable deterministic behavior in this case, you must set an environment variable before running your PyTorch application: CUBLAS_WORKSPACE_CONFIG=:4096:8 or CUBLAS_WORKSPACE_CONFIG=:16:8. For more information, go to https://docs.nvidia.com/cuda/cublas/index.html#results-reproducibility (Triggered internally at /pytorch/aten/src/ATen/Context.cpp:217.)
  proj = linear(q, w, b)
/share/home/tm1078571822880000/a1086482920/Mplus0/software/miniconda3/envs/machine_learning/lib/python3.10/site-packages/torch/autograd/graph.py:823: UserWarning: Deterministic behavior was enabled with either `torch.use_deterministic_algorithms(True)` or `at::Context::setDeterministicAlgorithms(true)`, but this operation is not deterministic because it uses CuBLAS and you have CUDA >= 10.2. To enable deterministic behavior in this case, you must set an environment variable before running your PyTorch application: CUBLAS_WORKSPACE_CONFIG=:4096:8 or CUBLAS_WORKSPACE_CONFIG=:16:8. For more information, go to https://docs.nvidia.com/cuda/cublas/index.html#results-reproducibility (Triggered internally at /pytorch/aten/src/ATen/Context.cpp:217.)
  return Variable._execution_engine.run_backward(  # Calls into the C++ engine to run the backward pass
2026-06-25 21:51:27 | INFO | clean_baseline | epoch=5 train_loss=0.0166 train_acc=0.9958 val_loss=0.2368 val_acc=0.9497 val_macro_f1=0.7850
[modalities] imu, gesture, audio, text, scene
[target_timesteps] 10
[expected_shapes]
  imu: (N, 10, 12)
  gesture: (N, 10, 768)
  audio: (N, 10, 39)
  text: (N, 10, 384)
  scene: (N, 768)
[path_status]
  [OK] data.raw_dir -> /share/home/tm1078571822880000/a1086482920/Mplus0/multimodal-intention-recognition/data/raw
  [OK] data.imu_csv -> /share/home/tm1078571822880000/a1086482920/Mplus0/multimodal-intention-recognition/data/raw/imu.csv
  [OK] data.users.user_a -> /share/home/tm1078571822880000/a1086482920/Mplus0/multimodal-intention-recognition/data/raw/user_A
  [OK] data.users.user_b -> /share/home/tm1078571822880000/a1086482920/Mplus0/multimodal-intention-recognition/data/raw/user_B
  [OK] data.users.user_c -> /share/home/tm1078571822880000/a1086482920/Mplus0/multimodal-intention-recognition/data/raw/user_C
  [OK] local_models.sentence_model -> /share/home/tm1078571822880000/a1086482920/Mplus0/multimodal-intention-recognition/data/raw/models/all-MiniLM-L6-v2
  [OK] local_models.vit_model -> /share/home/tm1078571822880000/a1086482920/Mplus0/multimodal-intention-recognition/data/raw/models/clip_teacher_model/vit-base-patch16-224
  [OK] cache.feature_cache -> /share/home/tm1078571822880000/a1086482920/Mplus0/multimodal-intention-recognition/data/processed/cache/feature_cache
  [OK] cache.scene_cache -> /share/home/tm1078571822880000/a1086482920/Mplus0/multimodal-intention-recognition/data/processed/cache/scene_cache_real_vit
[dry_run] No sample metadata was provided, so no actual feature arrays were built. Provide --metadata-json to print real output shapes.
[train_done]
  best: /share/home/tm1078571822880000/a1086482920/Mplus0/multimodal-intention-recognition/results/checkpoints/best.pt
  final: /share/home/tm1078571822880000/a1086482920/Mplus0/multimodal-intention-recognition/results/checkpoints/final.pt
  metrics: /share/home/tm1078571822880000/a1086482920/Mplus0/multimodal-intention-recognition/results/metrics/clean_baseline_metrics.csv
  summary: /share/home/tm1078571822880000/a1086482920/Mplus0/multimodal-intention-recognition/results/metrics/clean_baseline_summary.json
  predictions: /share/home/tm1078571822880000/a1086482920/Mplus0/multimodal-intention-recognition/results/predictions/clean_baseline_predictions.csv
  log: /share/home/tm1078571822880000/a1086482920/Mplus0/multimodal-intention-recognition/results/logs/clean_baseline.log
  loss_curve: /share/home/tm1078571822880000/a1086482920/Mplus0/multimodal-intention-recognition/figures/loss_curve.png
  confusion_matrix: /share/home/tm1078571822880000/a1086482920/Mplus0/multimodal-intention-recognition/figures/confusion_matrix.png
  metrics: {'accuracy': 0.9496644295302014, 'macro_f1': 0.7849624496866002, 'weighted_f1': 0.953862342206033, 'loss': 0.2367771609917583, 'scene_accuracy': 0.3389261744966443, 'joint_accuracy': 0.0, 'experiment_name': 'clean_baseline', 'model_type': 'FormalMultimodalBaseline', 'training_time': 4.2769, 'avg_test_time_per_sample': 0.014352, 'status': 'completed', 'notes': ''}
