2026-06-25 22:15:25 | INFO | improved_clean | seed=42 cuda_available=True
2026-06-25 22:15:26 | INFO | improved_clean | indexed_sample_count=30 missing_items_count=0
/share/home/tm1078571822880000/a1086482920/Mplus0/software/miniconda3/envs/machine_learning/lib/python3.10/site-packages/torch/nn/modules/linear.py:125: UserWarning: Deterministic behavior was enabled with either `torch.use_deterministic_algorithms(True)` or `at::Context::setDeterministicAlgorithms(true)`, but this operation is not deterministic because it uses CuBLAS and you have CUDA >= 10.2. To enable deterministic behavior in this case, you must set an environment variable before running your PyTorch application: CUBLAS_WORKSPACE_CONFIG=:4096:8 or CUBLAS_WORKSPACE_CONFIG=:16:8. For more information, go to https://docs.nvidia.com/cuda/cublas/index.html#results-reproducibility (Triggered internally at /pytorch/aten/src/ATen/Context.cpp:217.)
  return F.linear(input, self.weight, self.bias)
/share/home/tm1078571822880000/a1086482920/Mplus0/software/miniconda3/envs/machine_learning/lib/python3.10/site-packages/torch/nn/functional.py:5614: UserWarning: Deterministic behavior was enabled with either `torch.use_deterministic_algorithms(True)` or `at::Context::setDeterministicAlgorithms(true)`, but this operation is not deterministic because it uses CuBLAS and you have CUDA >= 10.2. To enable deterministic behavior in this case, you must set an environment variable before running your PyTorch application: CUBLAS_WORKSPACE_CONFIG=:4096:8 or CUBLAS_WORKSPACE_CONFIG=:16:8. For more information, go to https://docs.nvidia.com/cuda/cublas/index.html#results-reproducibility (Triggered internally at /pytorch/aten/src/ATen/Context.cpp:217.)
  proj = linear(q, w, b)
/share/home/tm1078571822880000/a1086482920/Mplus0/software/miniconda3/envs/machine_learning/lib/python3.10/site-packages/torch/autograd/graph.py:823: UserWarning: Deterministic behavior was enabled with either `torch.use_deterministic_algorithms(True)` or `at::Context::setDeterministicAlgorithms(true)`, but this operation is not deterministic because it uses CuBLAS and you have CUDA >= 10.2. To enable deterministic behavior in this case, you must set an environment variable before running your PyTorch application: CUBLAS_WORKSPACE_CONFIG=:4096:8 or CUBLAS_WORKSPACE_CONFIG=:16:8. For more information, go to https://docs.nvidia.com/cuda/cublas/index.html#results-reproducibility (Triggered internally at /pytorch/aten/src/ATen/Context.cpp:217.)
  return Variable._execution_engine.run_backward(  # Calls into the C++ engine to run the backward pass
/share/home/tm1078571822880000/a1086482920/Mplus0/software/miniconda3/envs/machine_learning/lib/python3.10/site-packages/torch/autograd/graph.py:823: UserWarning: Memory Efficient attention defaults to a non-deterministic algorithm. To explicitly enable determinism call torch.use_deterministic_algorithms(True, warn_only=False). (Triggered internally at /pytorch/aten/src/ATen/native/transformers/cuda/attention_backward.cu:683.)
  return Variable._execution_engine.run_backward(  # Calls into the C++ engine to run the backward pass
/share/home/tm1078571822880000/a1086482920/Mplus0/software/miniconda3/envs/machine_learning/lib/python3.10/site-packages/torch/nn/modules/transformer.py:508: UserWarning: The PyTorch API of nested tensors is in prototype stage and will change in the near future. We recommend specifying layout=torch.jagged when constructing a nested tensor, as this layout receives active development, has better operator coverage, and works with torch.compile. (Triggered internally at /pytorch/aten/src/ATen/NestedTensorImpl.cpp:178.)
  output = torch._nested_tensor_from_mask(
2026-06-25 22:15:31 | INFO | improved_clean | epoch=1 train_loss=0.8990 train_acc=0.7524 val_loss=0.3329 val_acc=0.9497 val_macro_f1=0.7879
/share/home/tm1078571822880000/a1086482920/Mplus0/software/miniconda3/envs/machine_learning/lib/python3.10/site-packages/torch/nn/modules/linear.py:125: UserWarning: Deterministic behavior was enabled with either `torch.use_deterministic_algorithms(True)` or `at::Context::setDeterministicAlgorithms(true)`, but this operation is not deterministic because it uses CuBLAS and you have CUDA >= 10.2. To enable deterministic behavior in this case, you must set an environment variable before running your PyTorch application: CUBLAS_WORKSPACE_CONFIG=:4096:8 or CUBLAS_WORKSPACE_CONFIG=:16:8. For more information, go to https://docs.nvidia.com/cuda/cublas/index.html#results-reproducibility (Triggered internally at /pytorch/aten/src/ATen/Context.cpp:217.)
  return F.linear(input, self.weight, self.bias)
2026-06-25 22:15:32 | INFO | improved_clean | final_metrics={'accuracy': 1.0, 'macro_f1': 1.0, 'weighted_f1': 1.0, 'loss': 0.09448408519449504, 'scene_accuracy': 0.46153846153846156, 'joint_accuracy': 0.0, 'experiment_name': 'improved_clean', 'model_type': 'ReliabilityGatedMultimodalModel', 'training_time': 1.4123, 'avg_test_time_per_sample': 0.000212, 'status': 'completed', 'notes': '', 'use_reliability_gate': True, 'use_modality_dropout': True, 'target_modality': 'none', 'noise_ratio': 'none', 'missing_modalities': 'none', 'ablation_variant': 'none'}
[improved_model_done]
  mode: clean
  run_count: 1
  metrics: /share/home/tm1078571822880000/a1086482920/Mplus0/multimodal-intention-recognition/results/metrics/improved_model_metrics.csv
