results/metrics/clean_baseline_metrics.csv
results/metrics/clean_baseline_summary.json
results/metrics/clean_baseline_test_metrics.csv
results/metrics/clean_baseline_test_summary.json
results/metrics/.gitkeep
results/metrics/improved_ablation_metrics.csv
results/metrics/improved_clean_metrics.csv
results/metrics/improved_clean_summary.json
results/metrics/improved_dropout_only_metrics.csv
results/metrics/improved_dropout_only_summary.json
results/metrics/improved_gate_dropout_metrics.csv
results/metrics/improved_gate_dropout_summary.json
results/metrics/improved_gate_only_metrics.csv
results/metrics/improved_gate_only_summary.json
results/metrics/improved_missing_audio_metrics.csv
results/metrics/improved_missing_audio_scene_metrics.csv
results/metrics/improved_missing_audio_scene_summary.json
results/metrics/improved_missing_audio_summary.json
results/metrics/improved_missing_audio_text_metrics.csv
results/metrics/improved_missing_audio_text_summary.json
results/metrics/improved_missing_gesture_audio_metrics.csv
results/metrics/improved_missing_gesture_audio_summary.json
results/metrics/improved_missing_gesture_metrics.csv
results/metrics/improved_missing_gesture_scene_metrics.csv
results/metrics/improved_missing_gesture_scene_summary.json
results/metrics/improved_missing_gesture_summary.json
results/metrics/improved_missing_gesture_text_metrics.csv
results/metrics/improved_missing_gesture_text_summary.json
results/metrics/improved_missing_imu_audio_metrics.csv
results/metrics/improved_missing_imu_audio_summary.json
results/metrics/improved_missing_imu_gesture_metrics.csv
results/metrics/improved_missing_imu_gesture_summary.json
results/metrics/improved_missing_imu_metrics.csv
results/metrics/improved_missing_imu_scene_metrics.csv
results/metrics/improved_missing_imu_scene_summary.json
results/metrics/improved_missing_imu_summary.json
results/metrics/improved_missing_imu_text_metrics.csv
results/metrics/improved_missing_imu_text_summary.json
results/metrics/improved_missing_modality_metrics.csv
results/metrics/improved_missing_scene_metrics.csv
results/metrics/improved_missing_scene_summary.json
results/metrics/improved_missing_text_metrics.csv
results/metrics/improved_missing_text_scene_metrics.csv
results/metrics/improved_missing_text_scene_summary.json
results/metrics/improved_missing_text_summary.json
results/metrics/improved_model_metrics.csv
results/metrics/improved_noise_audio_20_metrics.csv
results/metrics/improved_noise_audio_20_summary.json
results/metrics/improved_noise_audio_40_metrics.csv
results/metrics/improved_noise_audio_40_summary.json
results/metrics/improved_noise_audio_60_metrics.csv
results/metrics/improved_noise_audio_60_summary.json
results/metrics/improved_noise_gesture_20_metrics.csv
results/metrics/improved_noise_gesture_20_summary.json
results/metrics/improved_noise_gesture_40_metrics.csv
results/metrics/improved_noise_gesture_40_summary.json
results/metrics/improved_noise_gesture_60_metrics.csv
results/metrics/improved_noise_gesture_60_summary.json
results/metrics/improved_noise_imu_20_metrics.csv
results/metrics/improved_noise_imu_20_summary.json
results/metrics/improved_noise_imu_40_metrics.csv
results/metrics/improved_noise_imu_40_summary.json
results/metrics/improved_noise_imu_60_metrics.csv
results/metrics/improved_noise_imu_60_summary.json
results/metrics/improved_noise_metrics.csv
results/metrics/improved_noise_scene_20_metrics.csv
results/metrics/improved_noise_scene_20_summary.json
results/metrics/improved_noise_scene_40_metrics.csv
results/metrics/improved_noise_scene_40_summary.json
results/metrics/improved_noise_scene_60_metrics.csv
results/metrics/improved_noise_scene_60_summary.json
results/metrics/improved_noise_text_20_metrics.csv
results/metrics/improved_noise_text_20_summary.json
results/metrics/improved_noise_text_40_metrics.csv
results/metrics/improved_noise_text_40_summary.json
results/metrics/improved_noise_text_60_metrics.csv
results/metrics/improved_noise_text_60_summary.json
results/metrics/missing_modality_baseline_audio_metrics.csv
results/metrics/missing_modality_baseline_audio_scene_metrics.csv
results/metrics/missing_modality_baseline_audio_scene_summary.json
results/metrics/missing_modality_baseline_audio_summary.json
results/metrics/missing_modality_baseline_audio_text_metrics.csv
results/metrics/missing_modality_baseline_audio_text_summary.json
results/metrics/missing_modality_baseline_gesture_audio_metrics.csv
results/metrics/missing_modality_baseline_gesture_audio_summary.json
results/metrics/missing_modality_baseline_gesture_metrics.csv
results/metrics/missing_modality_baseline_gesture_scene_metrics.csv
results/metrics/missing_modality_baseline_gesture_scene_summary.json
results/metrics/missing_modality_baseline_gesture_summary.json
results/metrics/missing_modality_baseline_gesture_text_metrics.csv
results/metrics/missing_modality_baseline_gesture_text_summary.json
results/metrics/missing_modality_baseline_imu_audio_metrics.csv
results/metrics/missing_modality_baseline_imu_audio_summary.json
results/metrics/missing_modality_baseline_imu_gesture_metrics.csv
results/metrics/missing_modality_baseline_imu_gesture_summary.json
results/metrics/missing_modality_baseline_imu_metrics.csv
results/metrics/missing_modality_baseline_imu_scene_metrics.csv
results/metrics/missing_modality_baseline_imu_scene_summary.json
results/metrics/missing_modality_baseline_imu_summary.json
results/metrics/missing_modality_baseline_imu_text_metrics.csv
results/metrics/missing_modality_baseline_imu_text_summary.json
results/metrics/missing_modality_baseline_scene_metrics.csv
results/metrics/missing_modality_baseline_scene_summary.json
results/metrics/missing_modality_baseline_text_metrics.csv
results/metrics/missing_modality_baseline_text_scene_metrics.csv
results/metrics/missing_modality_baseline_text_scene_summary.json
results/metrics/missing_modality_baseline_text_summary.json
results/metrics/missing_modality_metrics.csv
results/metrics/modal_noise_baseline_audio_20_metrics.csv
results/metrics/modal_noise_baseline_audio_20_summary.json
results/metrics/modal_noise_baseline_audio_40_metrics.csv
results/metrics/modal_noise_baseline_audio_40_summary.json
results/metrics/modal_noise_baseline_audio_60_metrics.csv
results/metrics/modal_noise_baseline_audio_60_summary.json
results/metrics/modal_noise_baseline_gesture_20_metrics.csv
results/metrics/modal_noise_baseline_gesture_20_summary.json
results/metrics/modal_noise_baseline_gesture_40_metrics.csv
results/metrics/modal_noise_baseline_gesture_40_summary.json
results/metrics/modal_noise_baseline_gesture_60_metrics.csv
results/metrics/modal_noise_baseline_gesture_60_summary.json
results/metrics/modal_noise_baseline_imu_20_metrics.csv
results/metrics/modal_noise_baseline_imu_20_summary.json
results/metrics/modal_noise_baseline_imu_40_metrics.csv
results/metrics/modal_noise_baseline_imu_40_summary.json
results/metrics/modal_noise_baseline_imu_60_metrics.csv
results/metrics/modal_noise_baseline_imu_60_summary.json
results/metrics/modal_noise_baseline_scene_20_metrics.csv
results/metrics/modal_noise_baseline_scene_20_summary.json
results/metrics/modal_noise_baseline_scene_40_metrics.csv
results/metrics/modal_noise_baseline_scene_40_summary.json
results/metrics/modal_noise_baseline_scene_60_metrics.csv
results/metrics/modal_noise_baseline_scene_60_summary.json
results/metrics/modal_noise_baseline_text_20_metrics.csv
results/metrics/modal_noise_baseline_text_20_summary.json
results/metrics/modal_noise_baseline_text_40_metrics.csv
results/metrics/modal_noise_baseline_text_40_summary.json
results/metrics/modal_noise_baseline_text_60_metrics.csv
results/metrics/modal_noise_baseline_text_60_summary.json
results/metrics/noise_baseline_metrics.csv
results/logs/clean_baseline.log
results/logs/.gitkeep
results/logs/improved_clean.log
results/logs/improved_dropout_only.log
results/logs/improved_gate_dropout.log
results/logs/improved_gate_only.log
results/logs/improved_missing_audio.log
results/logs/improved_missing_audio_scene.log
results/logs/improved_missing_audio_text.log
results/logs/improved_missing_gesture_audio.log
results/logs/improved_missing_gesture.log
results/logs/improved_missing_gesture_scene.log
results/logs/improved_missing_gesture_text.log
results/logs/improved_missing_imu_audio.log
results/logs/improved_missing_imu_gesture.log
results/logs/improved_missing_imu.log
results/logs/improved_missing_imu_scene.log
results/logs/improved_missing_imu_text.log
results/logs/improved_missing_scene.log
results/logs/improved_missing_text.log
results/logs/improved_missing_text_scene.log
results/logs/improved_noise_audio_20.log
results/logs/improved_noise_audio_40.log
results/logs/improved_noise_audio_60.log
results/logs/improved_noise_gesture_20.log
results/logs/improved_noise_gesture_40.log
results/logs/improved_noise_gesture_60.log
results/logs/improved_noise_imu_20.log
results/logs/improved_noise_imu_40.log
results/logs/improved_noise_imu_60.log
results/logs/improved_noise_scene_20.log
results/logs/improved_noise_scene_40.log
results/logs/improved_noise_scene_60.log
results/logs/improved_noise_text_20.log
results/logs/improved_noise_text_40.log
results/logs/improved_noise_text_60.log
results/logs/missing_modality_baseline_audio.log
results/logs/missing_modality_baseline_audio_scene.log
results/logs/missing_modality_baseline_audio_text.log
results/logs/missing_modality_baseline_gesture_audio.log
results/logs/missing_modality_baseline_gesture.log
results/logs/missing_modality_baseline_gesture_scene.log
results/logs/missing_modality_baseline_gesture_text.log
results/logs/missing_modality_baseline_imu_audio.log
results/logs/missing_modality_baseline_imu_gesture.log
results/logs/missing_modality_baseline_imu.log
results/logs/missing_modality_baseline_imu_scene.log
results/logs/missing_modality_baseline_imu_text.log
results/logs/missing_modality_baseline.log
results/logs/missing_modality_baseline_scene.log
results/predictions/clean_baseline_predictions.csv
results/predictions/.gitkeep
results/predictions/improved_clean_predictions.csv
results/predictions/improved_dropout_only_predictions.csv
results/predictions/improved_gate_dropout_predictions.csv
results/predictions/improved_gate_only_predictions.csv
results/predictions/improved_missing_audio_predictions.csv
results/predictions/improved_missing_audio_scene_predictions.csv
results/predictions/improved_missing_audio_text_predictions.csv
results/predictions/improved_missing_gesture_audio_predictions.csv
results/predictions/improved_missing_gesture_predictions.csv
results/predictions/improved_missing_gesture_scene_predictions.csv
results/predictions/improved_missing_gesture_text_predictions.csv
results/predictions/improved_missing_imu_audio_predictions.csv
results/predictions/improved_missing_imu_gesture_predictions.csv
results/predictions/improved_missing_imu_predictions.csv
results/predictions/improved_missing_imu_scene_predictions.csv
results/predictions/improved_missing_imu_text_predictions.csv
results/predictions/improved_missing_scene_predictions.csv
results/predictions/improved_missing_text_predictions.csv
results/predictions/improved_missing_text_scene_predictions.csv
results/predictions/improved_noise_audio_20_predictions.csv
results/predictions/improved_noise_audio_40_predictions.csv
results/predictions/improved_noise_audio_60_predictions.csv
results/predictions/improved_noise_gesture_20_predictions.csv
results/predictions/improved_noise_gesture_40_predictions.csv
results/predictions/improved_noise_gesture_60_predictions.csv
results/predictions/improved_noise_imu_20_predictions.csv
results/predictions/improved_noise_imu_40_predictions.csv
results/predictions/improved_noise_imu_60_predictions.csv
results/predictions/improved_noise_scene_20_predictions.csv
results/predictions/improved_noise_scene_40_predictions.csv
results/predictions/improved_noise_scene_60_predictions.csv
results/predictions/improved_noise_text_20_predictions.csv
results/predictions/improved_noise_text_40_predictions.csv
results/predictions/improved_noise_text_60_predictions.csv
results/predictions/missing_modality_baseline_audio_predictions.csv
results/predictions/missing_modality_baseline_audio_scene_predictions.csv
results/predictions/missing_modality_baseline_audio_text_predictions.csv
results/predictions/missing_modality_baseline_gesture_audio_predictions.csv
results/predictions/missing_modality_baseline_gesture_predictions.csv
results/predictions/missing_modality_baseline_gesture_scene_predictions.csv
results/predictions/missing_modality_baseline_gesture_text_predictions.csv
results/predictions/missing_modality_baseline_imu_audio_predictions.csv
results/predictions/missing_modality_baseline_imu_gesture_predictions.csv
results/predictions/missing_modality_baseline_imu_predictions.csv
results/predictions/missing_modality_baseline_imu_scene_predictions.csv
results/predictions/missing_modality_baseline_imu_text_predictions.csv
results/predictions/missing_modality_baseline_scene_predictions.csv
results/predictions/missing_modality_baseline_text_predictions.csv
results/checkpoints/best.pt
results/checkpoints/final.pt
results/checkpoints/improved_clean_best.pt
results/checkpoints/improved_clean_final.pt
results/checkpoints/improved_dropout_only_best.pt
results/checkpoints/improved_dropout_only_final.pt
results/checkpoints/improved_gate_dropout_best.pt
results/checkpoints/improved_gate_dropout_final.pt
results/checkpoints/improved_gate_only_best.pt
results/checkpoints/improved_gate_only_final.pt
results/checkpoints/improved_missing_audio_best.pt
results/checkpoints/improved_missing_audio_final.pt
results/checkpoints/improved_missing_audio_scene_best.pt
results/checkpoints/improved_missing_audio_scene_final.pt
results/checkpoints/improved_missing_audio_text_best.pt
results/checkpoints/improved_missing_audio_text_final.pt
results/checkpoints/improved_missing_gesture_audio_best.pt
results/checkpoints/improved_missing_gesture_audio_final.pt
results/checkpoints/improved_missing_gesture_best.pt
results/checkpoints/improved_missing_gesture_final.pt
results/checkpoints/improved_missing_gesture_scene_best.pt
results/checkpoints/improved_missing_gesture_scene_final.pt
results/checkpoints/improved_missing_gesture_text_best.pt
results/checkpoints/improved_missing_gesture_text_final.pt
results/checkpoints/improved_missing_imu_audio_best.pt
results/checkpoints/improved_missing_imu_audio_final.pt
results/checkpoints/improved_missing_imu_best.pt
results/checkpoints/improved_missing_imu_final.pt
results/checkpoints/improved_missing_imu_gesture_best.pt
results/checkpoints/improved_missing_imu_gesture_final.pt
results/checkpoints/improved_missing_imu_scene_best.pt
results/checkpoints/improved_missing_imu_scene_final.pt
results/checkpoints/improved_missing_imu_text_best.pt
results/checkpoints/improved_missing_imu_text_final.pt
results/checkpoints/improved_missing_scene_best.pt
results/checkpoints/improved_missing_scene_final.pt
results/checkpoints/improved_missing_text_best.pt
results/checkpoints/improved_missing_text_final.pt
results/checkpoints/improved_missing_text_scene_best.pt
results/checkpoints/improved_missing_text_scene_final.pt
results/checkpoints/improved_noise_audio_20_best.pt
results/checkpoints/improved_noise_audio_20_final.pt
results/checkpoints/improved_noise_audio_40_best.pt
results/checkpoints/improved_noise_audio_40_final.pt
results/checkpoints/improved_noise_audio_60_best.pt
results/checkpoints/improved_noise_audio_60_final.pt
results/checkpoints/improved_noise_gesture_20_best.pt
results/checkpoints/improved_noise_gesture_20_final.pt
results/checkpoints/improved_noise_gesture_40_best.pt
results/checkpoints/improved_noise_gesture_40_final.pt
figures/confusion_matrix.png
figures/improved_clean_confusion_matrix.png
figures/improved_clean_loss_curve.png
figures/improved_dropout_only_confusion_matrix.png
figures/improved_dropout_only_loss_curve.png
figures/improved_gate_dropout_confusion_matrix.png
figures/improved_gate_dropout_loss_curve.png
figures/improved_gate_only_confusion_matrix.png
figures/improved_gate_only_loss_curve.png
figures/improved_missing_audio_confusion_matrix.png
figures/improved_missing_audio_loss_curve.png
figures/improved_missing_audio_scene_confusion_matrix.png
figures/improved_missing_audio_scene_loss_curve.png
figures/improved_missing_audio_text_confusion_matrix.png
figures/improved_missing_audio_text_loss_curve.png
figures/improved_missing_gesture_audio_confusion_matrix.png
figures/improved_missing_gesture_audio_loss_curve.png
figures/improved_missing_gesture_confusion_matrix.png
figures/improved_missing_gesture_loss_curve.png
figures/improved_missing_gesture_scene_confusion_matrix.png
figures/improved_missing_gesture_scene_loss_curve.png
figures/improved_missing_gesture_text_confusion_matrix.png
figures/improved_missing_gesture_text_loss_curve.png
figures/improved_missing_imu_audio_confusion_matrix.png
figures/improved_missing_imu_audio_loss_curve.png
figures/improved_missing_imu_confusion_matrix.png
figures/improved_missing_imu_gesture_confusion_matrix.png
figures/improved_missing_imu_gesture_loss_curve.png
figures/improved_missing_imu_loss_curve.png
figures/improved_missing_imu_scene_confusion_matrix.png
figures/improved_missing_imu_scene_loss_curve.png
figures/improved_missing_imu_text_confusion_matrix.png
figures/improved_missing_imu_text_loss_curve.png
figures/improved_missing_scene_confusion_matrix.png
figures/improved_missing_scene_loss_curve.png
figures/improved_missing_text_confusion_matrix.png
figures/improved_missing_text_loss_curve.png
figures/improved_missing_text_scene_confusion_matrix.png
figures/improved_missing_text_scene_loss_curve.png
figures/improved_noise_audio_20_confusion_matrix.png
figures/improved_noise_audio_20_loss_curve.png
figures/improved_noise_audio_40_confusion_matrix.png
figures/improved_noise_audio_40_loss_curve.png
figures/improved_noise_audio_60_confusion_matrix.png
figures/improved_noise_audio_60_loss_curve.png
figures/improved_noise_gesture_20_confusion_matrix.png
figures/improved_noise_gesture_20_loss_curve.png
figures/improved_noise_gesture_40_confusion_matrix.png
figures/improved_noise_gesture_40_loss_curve.png
figures/improved_noise_gesture_60_confusion_matrix.png
